<?xml version="1.0" encoding="UTF-8"?>
<testsuite xmlns:xsi="http://www.w3.org/2001/XMLSchema-instance" xsi:noNamespaceSchemaLocation="https://maven.apache.org/surefire/maven-surefire-plugin/xsd/surefire-test-report.xsd" name="presencial.servicio.PacienteServiceTest" time="0.418" tests="1" errors="0" skipped="0" failures="0">
  <properties>
    <property name="java.specification.version" value="16"/>
    <property name="sun.cpu.isalist" value="amd64"/>
    <property name="sun.jnu.encoding" value="Cp1252"/>
    <property name="java.class.path" value="D:\Users\Elias\Desktop\DH\Tercer Bimestre\Backend I\clase18\target\test-classes;D:\Users\Elias\Desktop\DH\Tercer Bimestre\Backend I\clase18\target\classes;C:\Users\Elias\.m2\repository\com\h2database\h2\2.1.210\h2-2.1.210.jar;C:\Users\Elias\.m2\repository\log4j\log4j\1.2.17\log4j-1.2.17.jar;C:\Users\Elias\.m2\repository\org\junit\jupiter\junit-jupiter\5.7.0-M1\junit-jupiter-5.7.0-M1.jar;C:\Users\Elias\.m2\repository\org\junit\jupiter\junit-jupiter-api\5.7.0-M1\junit-jupiter-api-5.7.0-M1.jar;C:\Users\Elias\.m2\repository\org\apiguardian\apiguardian-api\1.1.0\apiguardian-api-1.1.0.jar;C:\Users\Elias\.m2\repository\org\opentest4j\opentest4j\1.2.0\opentest4j-1.2.0.jar;C:\Users\Elias\.m2\repository\org\junit\platform\junit-platform-commons\1.7.0-M1\junit-platform-commons-1.7.0-M1.jar;C:\Users\Elias\.m2\repository\org\junit\jupiter\junit-jupiter-params\5.7.0-M1\junit-jupiter-params-5.7.0-M1.jar;C:\Users\Elias\.m2\repository\org\junit\jupiter\junit-jupiter-engine\5.7.0-M1\junit-jupiter-engine-5.7.0-M1.jar;C:\Users\Elias\.m2\repository\org\junit\platform\junit-platform-engine\1.7.0-M1\junit-platform-engine-1.7.0-M1.jar;"/>
    <property name="java.vm.vendor" value="Oracle Corporation"/>
    <property name="sun.arch.data.model" value="64"/>
    <property name="user.variant" value=""/>
    <property name="java.vendor.url" value="https://java.oracle.com/"/>
    <property name="user.timezone" value="America/Buenos_Aires"/>
    <property name="os.name" value="Windows 10"/>
    <property name="java.vm.specification.version" value="16"/>
    <property name="sun.java.launcher" value="SUN_STANDARD"/>
    <property name="user.country" value="AR"/>
    <property name="sun.boot.library.path" value="C:\Users\Elias\.jdks\openjdk-16.0.2\bin"/>
    <property name="sun.java.command" value="C:\Users\Elias\AppData\Local\Temp\surefire8606751047751159724\surefirebooter679307562523062758.jar C:\Users\Elias\AppData\Local\Temp\surefire8606751047751159724 2022-03-18T12-41-04_812-jvmRun1 surefire7243613123393982068tmp surefire_010700878548418876337tmp"/>
    <property name="jdk.debug" value="release"/>
    <property name="surefire.test.class.path" value="D:\Users\Elias\Desktop\DH\Tercer Bimestre\Backend I\clase18\target\test-classes;D:\Users\Elias\Desktop\DH\Tercer Bimestre\Backend I\clase18\target\classes;C:\Users\Elias\.m2\repository\com\h2database\h2\2.1.210\h2-2.1.210.jar;C:\Users\Elias\.m2\repository\log4j\log4j\1.2.17\log4j-1.2.17.jar;C:\Users\Elias\.m2\repository\org\junit\jupiter\junit-jupiter\5.7.0-M1\junit-jupiter-5.7.0-M1.jar;C:\Users\Elias\.m2\repository\org\junit\jupiter\junit-jupiter-api\5.7.0-M1\junit-jupiter-api-5.7.0-M1.jar;C:\Users\Elias\.m2\repository\org\apiguardian\apiguardian-api\1.1.0\apiguardian-api-1.1.0.jar;C:\Users\Elias\.m2\repository\org\opentest4j\opentest4j\1.2.0\opentest4j-1.2.0.jar;C:\Users\Elias\.m2\repository\org\junit\platform\junit-platform-commons\1.7.0-M1\junit-platform-commons-1.7.0-M1.jar;C:\Users\Elias\.m2\repository\org\junit\jupiter\junit-jupiter-params\5.7.0-M1\junit-jupiter-params-5.7.0-M1.jar;C:\Users\Elias\.m2\repository\org\junit\jupiter\junit-jupiter-engine\5.7.0-M1\junit-jupiter-engine-5.7.0-M1.jar;C:\Users\Elias\.m2\repository\org\junit\platform\junit-platform-engine\1.7.0-M1\junit-platform-engine-1.7.0-M1.jar;"/>
    <property name="sun.cpu.endian" value="little"/>
    <property name="user.home" value="C:\Users\Elias"/>
    <property name="user.language" value="es"/>
    <property name="java.specification.vendor" value="Oracle Corporation"/>
    <property name="java.version.date" value="2021-07-20"/>
    <property name="java.home" value="C:\Users\Elias\.jdks\openjdk-16.0.2"/>
    <property name="file.separator" value="\"/>
    <property name="basedir" value="D:\Users\Elias\Desktop\DH\Tercer Bimestre\Backend I\clase18"/>
    <property name="java.vm.compressedOopsMode" value="Zero based"/>
    <property name="line.separator" value="&#10;"/>
    <property name="java.vm.specification.vendor" value="Oracle Corporation"/>
    <property name="java.specification.name" value="Java Platform API Specification"/>
    <property name="surefire.real.class.path" value="C:\Users\Elias\AppData\Local\Temp\surefire8606751047751159724\surefirebooter679307562523062758.jar"/>
    <property name="user.script" value=""/>
    <property name="sun.management.compiler" value="HotSpot 64-Bit Tiered Compilers"/>
    <property name="java.runtime.version" value="16.0.2+7-67"/>
    <property name="user.name" value="Elias"/>
    <property name="path.separator" value=";"/>
    <property name="os.version" value="10.0"/>
    <property name="java.runtime.name" value="OpenJDK Runtime Environment"/>
    <property name="file.encoding" value="Cp1252"/>
    <property name="java.vm.name" value="OpenJDK 64-Bit Server VM"/>
    <property name="localRepository" value="C:\Users\Elias\.m2\repository"/>
    <property name="java.vendor.url.bug" value="https://bugreport.java.com/bugreport/"/>
    <property name="java.io.tmpdir" value="C:\Users\Elias\AppData\Local\Temp\"/>
    <property name="idea.version" value="2021.2.2"/>
    <property name="java.version" value="16.0.2"/>
    <property name="user.dir" value="D:\Users\Elias\Desktop\DH\Tercer Bimestre\Backend I\clase18"/>
    <property name="os.arch" value="amd64"/>
    <property name="java.vm.specification.name" value="Java Virtual Machine Specification"/>
    <property name="sun.os.patch.level" value=""/>
    <property name="java.library.path" value="C:\Users\Elias\.jdks\openjdk-16.0.2\bin;C:\Windows\Sun\Java\bin;C:\Windows\system32;C:\Windows;C:\Program Files\Common Files\Oracle\Java\javapath;C:\Program Files (x86)\Common Files\Oracle\Java\javapath;C:\ProgramData\Oracle\Java\javapath;C:\Windows\system32;C:\Windows;C:\Windows\System32\Wbem;C:\Windows\System32\WindowsPowerShell\v1.0\;C:\Windows\System32\OpenSSH\;C:\Program Files\dotnet\;C:\Program Files\Git\cmd;C:\Program Files\PuTTY\;C:\HashiCorp\Vagrant\bin;D:\Program Files\nodejs\;C:\apache-maven-3.8.4\bin;C:\Users\Elias\AppData\Local\Programs\Python\Python39\Scripts\;C:\Users\Elias\AppData\Local\Programs\Python\Python39\;C:\Users\Elias\AppData\Local\Microsoft\WindowsApps;C:\Users\Elias\AppData\Local\Programs\Microsoft VS Code\bin;C:\Users\Elias\AppData\Roaming\npm;C:\Program Files (x86)\Terraform;;."/>
    <property name="java.vm.info" value="mixed mode, sharing"/>
    <property name="java.vendor" value="Oracle Corporation"/>
    <property name="java.vm.version" value="16.0.2+7-67"/>
    <property name="sun.io.unicode.encoding" value="UnicodeLittle"/>
    <property name="java.class.version" value="60.0"/>
  </properties>
  <testcase name="guardarPaciente" classname="presencial.servicio.PacienteServiceTest" time="0.117"/>
</testsuite>